[2025-11-20 22:31:36] ERROR: Invalid request method | Data: "GET"
[2025-11-21 02:01:07] Received IPN | Data: "{\"gateway\":\"MBBank\",\"transactionDate\":\"2025-11-21 02:01:00\",\"accountNumber\":\"0389654785\",\"subAccount\":null,\"code\":null,\"content\":\"108092152008 0389654785 HBN2025112023C682   Ma giao dich  Trace009712 Trace 009712\",\"transferType\":\"in\",\"description\":\"BankAPINotify 108092152008 0389654785 HBN2025112023C682   Ma giao dich  Trace009712 Trace 009712\",\"transferAmount\":100000,\"referenceCode\":\"FT25325624583685\",\"accumulated\":0,\"id\":31573530}"
[2025-11-21 02:01:07] ERROR: Order not found | Data: {"order_code":"FT25325624583685"}
[2025-11-21 02:05:13] Received IPN | Data: "{\"gateway\":\"MBBank\",\"transactionDate\":\"2025-11-21 02:01:00\",\"accountNumber\":\"0389654785\",\"subAccount\":null,\"code\":null,\"content\":\"108092152008 0389654785 HBN2025112023C682   Ma giao dich  Trace009712 Trace 009712\",\"transferType\":\"in\",\"description\":\"BankAPINotify 108092152008 0389654785 HBN2025112023C682   Ma giao dich  Trace009712 Trace 009712\",\"transferAmount\":100000,\"referenceCode\":\"FT25325624583685\",\"accumulated\":0,\"id\":31573530}"
[2025-11-21 02:05:13] ERROR: Order not found | Data: {"order_code":"FT25325624583685"}
[2025-11-21 02:08:14] Received IPN | Data: "{\"gateway\":\"MBBank\",\"transactionDate\":\"2025-11-21 02:01:00\",\"accountNumber\":\"0389654785\",\"subAccount\":null,\"code\":null,\"content\":\"108092152008 0389654785 HBN2025112023C682   Ma giao dich  Trace009712 Trace 009712\",\"transferType\":\"in\",\"description\":\"BankAPINotify 108092152008 0389654785 HBN2025112023C682   Ma giao dich  Trace009712 Trace 009712\",\"transferAmount\":100000,\"referenceCode\":\"FT25325624583685\",\"accumulated\":0,\"id\":31573530}"
[2025-11-21 02:08:14] ERROR: Order not found | Data: {"order_code":"FT25325624583685"}
[2025-11-21 02:13:15] Received IPN | Data: "{\"gateway\":\"MBBank\",\"transactionDate\":\"2025-11-21 02:01:00\",\"accountNumber\":\"0389654785\",\"subAccount\":null,\"code\":null,\"content\":\"108092152008 0389654785 HBN2025112023C682   Ma giao dich  Trace009712 Trace 009712\",\"transferType\":\"in\",\"description\":\"BankAPINotify 108092152008 0389654785 HBN2025112023C682   Ma giao dich  Trace009712 Trace 009712\",\"transferAmount\":100000,\"referenceCode\":\"FT25325624583685\",\"accumulated\":0,\"id\":31573530}"
[2025-11-21 02:13:15] ERROR: Order not found | Data: {"order_code":"FT25325624583685"}
[2025-11-21 02:21:17] Received IPN | Data: "{\"gateway\":\"MBBank\",\"transactionDate\":\"2025-11-21 02:01:00\",\"accountNumber\":\"0389654785\",\"subAccount\":null,\"code\":null,\"content\":\"108092152008 0389654785 HBN2025112023C682   Ma giao dich  Trace009712 Trace 009712\",\"transferType\":\"in\",\"description\":\"BankAPINotify 108092152008 0389654785 HBN2025112023C682   Ma giao dich  Trace009712 Trace 009712\",\"transferAmount\":100000,\"referenceCode\":\"FT25325624583685\",\"accumulated\":0,\"id\":31573530}"
[2025-11-21 02:21:17] ERROR: Order not found | Data: {"order_code":"FT25325624583685"}
[2025-11-21 02:22:45] Received IPN | Data: "{\"gateway\":\"MBBank\",\"transactionDate\":\"2025-11-21 02:22:00\",\"accountNumber\":\"0389654785\",\"subAccount\":null,\"code\":null,\"content\":\"108092700899-HBN2025112023C682-CHUYEN TIEN-OQCH0003wgqY-MOMO108092700899MOMO\",\"transferType\":\"in\",\"description\":\"BankAPINotify 108092700899-HBN2025112023C682-CHUYEN TIEN-OQCH0003wgqY-MOMO108092700899MOMO\",\"transferAmount\":100000,\"referenceCode\":\"FT25325764080800\",\"accumulated\":0,\"id\":31574296}"
[2025-11-21 02:22:45] ERROR: Order not found | Data: {"order_code":"FT25325764080800"}
[2025-11-21 02:23:46] Received IPN | Data: "{\"gateway\":\"MBBank\",\"transactionDate\":\"2025-11-21 02:22:00\",\"accountNumber\":\"0389654785\",\"subAccount\":null,\"code\":null,\"content\":\"108092700899-HBN2025112023C682-CHUYEN TIEN-OQCH0003wgqY-MOMO108092700899MOMO\",\"transferType\":\"in\",\"description\":\"BankAPINotify 108092700899-HBN2025112023C682-CHUYEN TIEN-OQCH0003wgqY-MOMO108092700899MOMO\",\"transferAmount\":100000,\"referenceCode\":\"FT25325764080800\",\"accumulated\":0,\"id\":31574296}"
[2025-11-21 02:23:46] ERROR: Order not found | Data: {"order_code":"FT25325764080800"}
[2025-11-21 02:24:48] Received IPN | Data: "{\"gateway\":\"MBBank\",\"transactionDate\":\"2025-11-21 02:22:00\",\"accountNumber\":\"0389654785\",\"subAccount\":null,\"code\":null,\"content\":\"108092700899-HBN2025112023C682-CHUYEN TIEN-OQCH0003wgqY-MOMO108092700899MOMO\",\"transferType\":\"in\",\"description\":\"BankAPINotify 108092700899-HBN2025112023C682-CHUYEN TIEN-OQCH0003wgqY-MOMO108092700899MOMO\",\"transferAmount\":100000,\"referenceCode\":\"FT25325764080800\",\"accumulated\":0,\"id\":31574296}"
[2025-11-21 02:24:48] ERROR: Order not found | Data: {"order_code":"FT25325764080800"}
[2025-11-21 02:26:48] Received IPN | Data: "{\"gateway\":\"MBBank\",\"transactionDate\":\"2025-11-21 02:22:00\",\"accountNumber\":\"0389654785\",\"subAccount\":null,\"code\":null,\"content\":\"108092700899-HBN2025112023C682-CHUYEN TIEN-OQCH0003wgqY-MOMO108092700899MOMO\",\"transferType\":\"in\",\"description\":\"BankAPINotify 108092700899-HBN2025112023C682-CHUYEN TIEN-OQCH0003wgqY-MOMO108092700899MOMO\",\"transferAmount\":100000,\"referenceCode\":\"FT25325764080800\",\"accumulated\":0,\"id\":31574296}"
[2025-11-21 02:26:48] ERROR: Order not found | Data: {"order_code":"FT25325764080800"}
[2025-11-21 02:29:49] Received IPN | Data: "{\"gateway\":\"MBBank\",\"transactionDate\":\"2025-11-21 02:22:00\",\"accountNumber\":\"0389654785\",\"subAccount\":null,\"code\":null,\"content\":\"108092700899-HBN2025112023C682-CHUYEN TIEN-OQCH0003wgqY-MOMO108092700899MOMO\",\"transferType\":\"in\",\"description\":\"BankAPINotify 108092700899-HBN2025112023C682-CHUYEN TIEN-OQCH0003wgqY-MOMO108092700899MOMO\",\"transferAmount\":100000,\"referenceCode\":\"FT25325764080800\",\"accumulated\":0,\"id\":31574296}"
[2025-11-21 02:29:50] ERROR: Order not found | Data: {"order_code":"FT25325764080800"}
[2025-11-21 02:34:18] Received IPN | Data: "{\"gateway\":\"MBBank\",\"transactionDate\":\"2025-11-21 02:01:00\",\"accountNumber\":\"0389654785\",\"subAccount\":null,\"code\":null,\"content\":\"108092152008 0389654785 HBN2025112023C682   Ma giao dich  Trace009712 Trace 009712\",\"transferType\":\"in\",\"description\":\"BankAPINotify 108092152008 0389654785 HBN2025112023C682   Ma giao dich  Trace009712 Trace 009712\",\"transferAmount\":100000,\"referenceCode\":\"FT25325624583685\",\"accumulated\":0,\"id\":31573530}"
[2025-11-21 02:34:19] ERROR: Order not found | Data: {"order_code":"FT25325624583685"}
[2025-11-21 02:34:51] Received IPN | Data: "{\"gateway\":\"MBBank\",\"transactionDate\":\"2025-11-21 02:22:00\",\"accountNumber\":\"0389654785\",\"subAccount\":null,\"code\":null,\"content\":\"108092700899-HBN2025112023C682-CHUYEN TIEN-OQCH0003wgqY-MOMO108092700899MOMO\",\"transferType\":\"in\",\"description\":\"BankAPINotify 108092700899-HBN2025112023C682-CHUYEN TIEN-OQCH0003wgqY-MOMO108092700899MOMO\",\"transferAmount\":100000,\"referenceCode\":\"FT25325764080800\",\"accumulated\":0,\"id\":31574296}"
[2025-11-21 02:34:51] ERROR: Order not found | Data: {"order_code":"FT25325764080800"}
[2025-11-21 02:35:19] ERROR: Invalid request method | Data: "GET"
[2025-11-21 02:38:36] Received IPN | Data: "{\"gateway\":\"MBBank\",\"transactionDate\":\"2025-11-21 02:22:00\",\"accountNumber\":\"0389654785\",\"subAccount\":null,\"code\":null,\"content\":\"108092700899-HBN2025112023C682-CHUYEN TIEN-OQCH0003wgqY-MOMO108092700899MOMO\",\"transferType\":\"in\",\"description\":\"BankAPINotify 108092700899-HBN2025112023C682-CHUYEN TIEN-OQCH0003wgqY-MOMO108092700899MOMO\",\"transferAmount\":100000,\"referenceCode\":\"FT25325764080800\",\"accumulated\":0,\"id\":31574296}"
[2025-11-21 02:38:36] ERROR: Order not found | Data: {"order_code":"FT25325764080800"}
[2025-11-21 02:39:10] ERROR: Invalid request method | Data: "GET"
[2025-11-21 02:42:51] Received IPN | Data: "{\"gateway\":\"MBBank\",\"transactionDate\":\"2025-11-21 02:22:00\",\"accountNumber\":\"0389654785\",\"subAccount\":null,\"code\":null,\"content\":\"108092700899-HBN2025112023C682-CHUYEN TIEN-OQCH0003wgqY-MOMO108092700899MOMO\",\"transferType\":\"in\",\"description\":\"BankAPINotify 108092700899-HBN2025112023C682-CHUYEN TIEN-OQCH0003wgqY-MOMO108092700899MOMO\",\"transferAmount\":100000,\"referenceCode\":\"FT25325764080800\",\"accumulated\":0,\"id\":31574296}"
[2025-11-21 02:42:51] ERROR: Order not found | Data: {"order_code":"FT25325764080800"}
[2025-11-21 02:44:34] Received IPN | Data: "{\"gateway\":\"MBBank\",\"transactionDate\":\"2025-11-21 02:22:00\",\"accountNumber\":\"0389654785\",\"subAccount\":null,\"code\":null,\"content\":\"108092700899-HBN2025112023C682-CHUYEN TIEN-OQCH0003wgqY-MOMO108092700899MOMO\",\"transferType\":\"in\",\"description\":\"BankAPINotify 108092700899-HBN2025112023C682-CHUYEN TIEN-OQCH0003wgqY-MOMO108092700899MOMO\",\"transferAmount\":100000,\"referenceCode\":\"FT25325764080800\",\"accumulated\":0,\"id\":31574296}"
[2025-11-21 02:44:42] ERROR: Invalid request method | Data: "GET"
[2025-11-21 02:55:53] Received IPN | Data: "{\"gateway\":\"MBBank\",\"transactionDate\":\"2025-11-21 02:22:00\",\"accountNumber\":\"0389654785\",\"subAccount\":null,\"code\":null,\"content\":\"108092700899-HBN2025112023C682-CHUYEN TIEN-OQCH0003wgqY-MOMO108092700899MOMO\",\"transferType\":\"in\",\"description\":\"BankAPINotify 108092700899-HBN2025112023C682-CHUYEN TIEN-OQCH0003wgqY-MOMO108092700899MOMO\",\"transferAmount\":100000,\"referenceCode\":\"FT25325764080800\",\"accumulated\":0,\"id\":31574296}"
[2025-11-21 03:05:04] ERROR: Invalid request method | Data: "GET"
[2025-11-21 03:13:32] Received IPN | Data: "amount=100000&cancel_url=https%3A%2F%2Fparadelike-inge-unlitigating.ngrok-free.dev%2Fpayment%2Fpayment.php%3Forder_code%3DHBN202511214F5EB1&currency=VND&description=HBN202511214F5EB1&merchant=SP-TEST-NHB36596&operation=PURCHASE&order_description=HBN202511214F5EB1&order_id=HBN202511214F5EB1&success_url=https%3A%2F%2Fparadelike-inge-unlitigating.ngrok-free.dev%2Fpayment%2Fcallback.php%3Forder_code%3DHBN202511214F5EB1&signature=74a7d60e37fc32f6e31cab0e0576365ada435e9f4bbb56f4b0202e1815dc4fdc"
[2025-11-21 03:13:32] ERROR: Invalid JSON | Data: "No error"
[2025-11-21 04:07:29] Received IPN | Data: "{\"gateway\":\"MBBank\",\"transactionDate\":\"2025-11-21 04:07:00\",\"accountNumber\":\"0389654785\",\"subAccount\":null,\"code\":null,\"content\":\"108094667209-HBN20251121A82DE3-CHUYEN TIEN-OQCH0003whnY-MOMO108094667209MOMO\",\"transferType\":\"in\",\"description\":\"BankAPINotify 108094667209-HBN20251121A82DE3-CHUYEN TIEN-OQCH0003whnY-MOMO108094667209MOMO\",\"transferAmount\":100000,\"referenceCode\":\"FT25325104068139\",\"accumulated\":0,\"id\":31576822}"
[2025-11-21 04:07:29] SUCCESS: Payment processed | Data: {"order_code":"HBN20251121A82DE3","amount":100000,"transaction_id":"FT25325104068139"}
[2025-11-21 04:11:28] Received IPN | Data: "{\"gateway\":\"MBBank\",\"transactionDate\":\"2025-11-21 04:11:00\",\"accountNumber\":\"0389654785\",\"subAccount\":null,\"code\":null,\"content\":\"108094871933-HBN2025112170833D-CHUYEN TIEN-OQCH0003whpU-MOMO108094871933MOMO\",\"transferType\":\"in\",\"description\":\"BankAPINotify 108094871933-HBN2025112170833D-CHUYEN TIEN-OQCH0003whpU-MOMO108094871933MOMO\",\"transferAmount\":100000,\"referenceCode\":\"FT25325980098702\",\"accumulated\":0,\"id\":31576899}"
[2025-11-21 04:11:28] SUCCESS: Payment processed | Data: {"order_code":"HBN2025112170833D","amount":100000,"transaction_id":"FT25325980098702"}
[2025-11-21 04:14:19] Received IPN | Data: "{\"gateway\":\"MBBank\",\"transactionDate\":\"2025-11-21 04:14:00\",\"accountNumber\":\"0389654785\",\"subAccount\":null,\"code\":null,\"content\":\"108094837010-HBN202511210F5D94-CHUYEN TIEN-OQCH0003whqe-MOMO108094837010MOMO\",\"transferType\":\"in\",\"description\":\"BankAPINotify 108094837010-HBN202511210F5D94-CHUYEN TIEN-OQCH0003whqe-MOMO108094837010MOMO\",\"transferAmount\":100000,\"referenceCode\":\"FT25325343450126\",\"accumulated\":0,\"id\":31576954}"
[2025-11-21 04:14:19] SUCCESS: Payment processed | Data: {"order_code":"HBN202511210F5D94","amount":100000,"transaction_id":"FT25325343450126"}
[2025-11-21 05:48:01] Received IPN | Data: "{\"gateway\":\"MBBank\",\"transactionDate\":\"2025-11-21 05:46:00\",\"accountNumber\":\"0389654785\",\"subAccount\":null,\"code\":null,\"content\":\"108096637601-HBN202511213FE393-CHUYEN TIEN-OQCH0003wice-MOMO108096637601MOMO\",\"transferType\":\"in\",\"description\":\"BankAPINotify 108096637601-HBN202511213FE393-CHUYEN TIEN-OQCH0003wice-MOMO108096637601MOMO\",\"transferAmount\":100000,\"referenceCode\":\"FT25325033810259\",\"accumulated\":0,\"id\":31578986}"
[2025-11-21 05:48:01] SUCCESS: Payment processed | Data: {"order_code":"HBN202511213FE393","amount":100000,"transaction_id":"FT25325033810259"}
[2025-11-21 05:48:06] Received IPN | Data: "{\"gateway\":\"MBBank\",\"transactionDate\":\"2025-11-21 05:46:00\",\"accountNumber\":\"0389654785\",\"subAccount\":null,\"code\":null,\"content\":\"108096637601-HBN202511213FE393-CHUYEN TIEN-OQCH0003wice-MOMO108096637601MOMO\",\"transferType\":\"in\",\"description\":\"BankAPINotify 108096637601-HBN202511213FE393-CHUYEN TIEN-OQCH0003wice-MOMO108096637601MOMO\",\"transferAmount\":100000,\"referenceCode\":\"FT25325033810259\",\"accumulated\":0,\"id\":31578986}"
[2025-11-21 05:48:06] WARNING: Order already paid | Data: {"order_code":"HBN202511213FE393"}
